INFO:__main__:é…ç½® CORS: å…è®¸æ‰€æœ‰æº
INFO:__main__:å¯åŠ¨æµ‹è¯•æœåŠ¡å™¨: http://0.0.0.0:5002
 * Serving Flask app 'check_cors'
 * Debug mode: on
INFO:werkzeug:[31m[1mWARNING: This is a development server. Do not use it in a production deployment. Use a production WSGI server instead.[0m
 * Running on all addresses (0.0.0.0)
 * Running on http://127.0.0.1:5002
 * Running on http://192.168.31.231:5002
INFO:werkzeug:[33mPress CTRL+C to quit[0m
INFO:werkzeug: * Restarting with stat
INFO:__main__:é…ç½® CORS: å…è®¸æ‰€æœ‰æº
INFO:__main__:å¯åŠ¨æµ‹è¯•æœåŠ¡å™¨: http://0.0.0.0:5002
WARNING:werkzeug: * Debugger is active!
INFO:werkzeug: * Debugger PIN: 714-957-837
DEBUG:__main__:è¯·æ±‚å¤´:
DEBUG:__main__:  Host: localhost:5002
DEBUG:__main__:  User-Agent: curl/8.7.1
DEBUG:__main__:  Accept: */*
DEBUG:__main__:è¯·æ±‚æ–¹æ³•: GET
DEBUG:__main__:è¯·æ±‚è·¯å¾„: /api/health
DEBUG:__main__:è¯·æ±‚å‚æ•°: ImmutableMultiDict([])
INFO:werkzeug:127.0.0.1 - - [14/Apr/2025 21:35:30] "GET /api/health HTTP/1.1" 200 -
DEBUG:__main__:è¯·æ±‚å¤´:
DEBUG:__main__:  Host: localhost:5002
DEBUG:__main__:  User-Agent: curl/8.7.1
DEBUG:__main__:  Accept: */*
DEBUG:__main__:  Content-Type: application/json
DEBUG:__main__:  Content-Length: 42
DEBUG:__main__:è¯·æ±‚æ–¹æ³•: POST
DEBUG:__main__:è¯·æ±‚è·¯å¾„: /api/debug/workflow
DEBUG:__main__:è¯·æ±‚å‚æ•°: ImmutableMultiDict([])
DEBUG:__main__:è¯·æ±‚JSON: {'content': 'test content', 'stream': False}
INFO:__main__:æ”¶åˆ°è°ƒè¯•å·¥ä½œæµè¯·æ±‚: content=test content..., stream=False
INFO:werkzeug:127.0.0.1 - - [14/Apr/2025 21:35:30] "POST /api/debug/workflow HTTP/1.1" 200 -
DEBUG:__main__:è¯·æ±‚å¤´:
DEBUG:__main__:  Host: localhost:5002
DEBUG:__main__:  User-Agent: curl/8.7.1
DEBUG:__main__:  Content-Type: application/json
DEBUG:__main__:  Accept: text/event-stream
DEBUG:__main__:  Content-Length: 41
DEBUG:__main__:è¯·æ±‚æ–¹æ³•: POST
DEBUG:__main__:è¯·æ±‚è·¯å¾„: /api/debug/workflow
DEBUG:__main__:è¯·æ±‚å‚æ•°: ImmutableMultiDict([])
DEBUG:__main__:è¯·æ±‚JSON: {'content': 'test content', 'stream': True}
INFO:__main__:æ”¶åˆ°è°ƒè¯•å·¥ä½œæµè¯·æ±‚: content=test content..., stream=True
INFO:werkzeug:127.0.0.1 - - [14/Apr/2025 21:35:30] "POST /api/debug/workflow HTTP/1.1" 200 -
/Users/sunyucheng/miniconda3/lib/python3.12/multiprocessing/resource_tracker.py:255: UserWarning: resource_tracker: There appear to be 1 leaked semaphore objects to clean up at shutdown
  warnings.warn('resource_tracker: There appear to be %d '
